<?xml version="1.0" encoding="UTF-8"?>
<testsuite name="org.kartu.KartuTest" tests="1" skipped="0" failures="0" errors="0" timestamp="2024-05-09T06:33:06" hostname="LAPTOP-M2BSGL6K" time="0.004">
  <properties/>
  <testcase name="getVal()" classname="org.kartu.KartuTest" time="0.004"/>
  <system-out><![CDATA[]]></system-out>
  <system-err><![CDATA[]]></system-err>
</testsuite>
